[2022-12-23T11:49:20.055] [INFO] log - Connected to mongo database
[2022-12-23T11:51:01.570] [INFO] log - Connected to mongo database
[2022-12-23T11:51:11.037] [INFO] log - Connected to mongo database
[2022-12-23T11:51:16.656] [INFO] log - Connected to mongo database
[2022-12-23T11:51:20.709] [INFO] log - Connected to mongo database
[2022-12-23T11:51:52.347] [INFO] log - Connected to mongo database
[2022-12-23T11:52:16.314] [INFO] log - Connected to mongo database
[2022-12-23T11:52:19.632] [INFO] log - Connected to mongo database
[2022-12-23T11:53:47.913] [INFO] log - Connected to mongo database
[2022-12-23T11:53:53.687] [INFO] log - Connected to mongo database
[2022-12-23T11:54:13.710] [INFO] log - Connected to mongo database
[2022-12-23T11:54:23.623] [INFO] log - Connected to mongo database
[2022-12-23T11:54:29.281] [INFO] log - Connected to mongo database
[2022-12-23T11:54:36.080] [INFO] log - Connected to mongo database
[2022-12-23T11:54:40.844] [INFO] log - Connected to mongo database
[2022-12-23T11:54:48.080] [INFO] log - Connected to mongo database
[2022-12-23T11:54:49.177] [INFO] log - Connected to mongo database
[2022-12-23T11:55:30.430] [ERROR] log - {
  message: 'Exception Handler',
  error: FormValidatorException: Invalid request
      at errorFormatter (C:\Users\OEM\Desktop\freelance\cooking-accademy\Coocking-Academy-Backend\src\v1.0\validators\index.js:7:15)
      at Layer.handle [as handle_request] (C:\Users\OEM\Desktop\freelance\cooking-accademy\Coocking-Academy-Backend\node_modules\express\lib\router\layer.js:95:5)
      at next (C:\Users\OEM\Desktop\freelance\cooking-accademy\Coocking-Academy-Backend\node_modules\express\lib\router\route.js:144:13)
      at signUpValidator (C:\Users\OEM\Desktop\freelance\cooking-accademy\Coocking-Academy-Backend\src\v1.0\validators\user.js:30:5)
      at processTicksAndRejections (node:internal/process/task_queues:96:5) {
    isOperational: true,
    statusCode: undefined,
    errors: { email: 'Email is unique' }
  }
}
[2022-12-23T11:55:35.787] [ERROR] log - {
  message: 'Exception Handler',
  error: FormValidatorException: Invalid request
      at exceptionConverter (C:\Users\OEM\Desktop\freelance\cooking-accademy\Coocking-Academy-Backend\src\utils\exceptions.js:10:17)
      at Layer.handle_error (C:\Users\OEM\Desktop\freelance\cooking-accademy\Coocking-Academy-Backend\node_modules\express\lib\router\layer.js:71:5)
      at trim_prefix (C:\Users\OEM\Desktop\freelance\cooking-accademy\Coocking-Academy-Backend\node_modules\express\lib\router\index.js:326:13)
      at C:\Users\OEM\Desktop\freelance\cooking-accademy\Coocking-Academy-Backend\node_modules\express\lib\router\index.js:286:9
      at Function.process_params (C:\Users\OEM\Desktop\freelance\cooking-accademy\Coocking-Academy-Backend\node_modules\express\lib\router\index.js:346:12)
      at next (C:\Users\OEM\Desktop\freelance\cooking-accademy\Coocking-Academy-Backend\node_modules\express\lib\router\index.js:280:10)
      at Layer.handle_error (C:\Users\OEM\Desktop\freelance\cooking-accademy\Coocking-Academy-Backend\node_modules\express\lib\router\layer.js:67:12)
      at trim_prefix (C:\Users\OEM\Desktop\freelance\cooking-accademy\Coocking-Academy-Backend\node_modules\express\lib\router\index.js:326:13)
      at C:\Users\OEM\Desktop\freelance\cooking-accademy\Coocking-Academy-Backend\node_modules\express\lib\router\index.js:286:9
      at Function.process_params (C:\Users\OEM\Desktop\freelance\cooking-accademy\Coocking-Academy-Backend\node_modules\express\lib\router\index.js:346:12)
      at Immediate.next (C:\Users\OEM\Desktop\freelance\cooking-accademy\Coocking-Academy-Backend\node_modules\express\lib\router\index.js:280:10)
      at Immediate._onImmediate (C:\Users\OEM\Desktop\freelance\cooking-accademy\Coocking-Academy-Backend\node_modules\express\lib\router\index.js:646:15)
      at processImmediate (node:internal/timers:468:21) {
    isOperational: true,
    statusCode: undefined,
    errors: {
      username: 'Error, expected `username` to be unique. Value: `Sibin`'
    }
  }
}
